c:\users\luiz\desktop\demiourgos vs\debug\vc120.pdb
c:\users\luiz\desktop\demiourgos vs\debug\vc120.idb
c:\users\luiz\desktop\demiourgos vs\debug\bgiout.obj
c:\users\luiz\desktop\demiourgos vs\debug\dibutil.obj
c:\users\luiz\desktop\demiourgos vs\debug\drawing.obj
c:\users\luiz\desktop\demiourgos vs\debug\file.obj
c:\users\luiz\desktop\demiourgos vs\debug\main - backup.obj
c:\users\luiz\desktop\demiourgos vs\debug\misc.obj
c:\users\luiz\desktop\demiourgos vs\debug\mouse.obj
c:\users\luiz\desktop\demiourgos vs\debug\palette.obj
c:\users\luiz\desktop\demiourgos vs\debug\text.obj
c:\users\luiz\desktop\demiourgos vs\debug\winbgi.obj
c:\users\luiz\desktop\demiourgos vs\debug\winthread.obj
c:\users\luiz\desktop\demiourgos vs\debug\classes.obj
c:\users\luiz\desktop\demiourgos vs\debug\funcoes.obj
c:\users\luiz\desktop\demiourgos vs\debug\func_arq.obj
c:\users\luiz\desktop\demiourgos vs\debug\main.obj
c:\users\luiz\desktop\demiourgos vs\bin\demiourgos.ilk
c:\users\luiz\desktop\demiourgos vs\bin\demiourgos.exe
c:\users\luiz\desktop\demiourgos vs\bin\demiourgos.pdb
c:\users\luiz\desktop\demiourgos vs\\bin\demiourgos.pdb
c:\users\luiz\desktop\demiourgos vs\\bin\demiourgos.exe
c:\users\luiz\desktop\demiourgos vs\\bin\demiourgos.ilk
c:\users\luiz\desktop\demiourgos vs\debug\demiourgos.tlog\cl.command.1.tlog
c:\users\luiz\desktop\demiourgos vs\debug\demiourgos.tlog\cl.read.1.tlog
c:\users\luiz\desktop\demiourgos vs\debug\demiourgos.tlog\cl.write.1.tlog
c:\users\luiz\desktop\demiourgos vs\debug\demiourgos.tlog\link.command.1.tlog
c:\users\luiz\desktop\demiourgos vs\debug\demiourgos.tlog\link.read.1.tlog
c:\users\luiz\desktop\demiourgos vs\debug\demiourgos.tlog\link.write.1.tlog
